00:00:00.002186 main     VirtualBox COM Server 7.0.4 r154605 win.amd64 (Nov 16 2022 15:33:13) release log
00:00:00.002188 main     Log opened 2023-01-21T15:34:54.331659100Z
00:00:00.002188 main     Build Type: release
00:00:00.002193 main     OS Product: Windows 11
00:00:00.002193 main     OS Release: 10.0.22621
00:00:00.002193 main     OS Service Pack: 
00:00:00.020084 main     DMI Product Name: ASUS TUF Gaming A17 FA706QM_FA706QM
00:00:00.028213 main     DMI Product Version: 1.0
00:00:00.028221 main     Firmware type: UEFI
00:00:00.028479 main     Secure Boot: VERR_PRIVILEGE_NOT_HELD
00:00:00.028499 main     Host RAM: 15773MB (15.4GB) total, 5369MB (5.2GB) available
00:00:00.028503 main     Executable: C:\Program Files\Oracle\VirtualBox\VBoxSVC.exe
00:00:00.028504 main     Process ID: 16644
00:00:00.028504 main     Package type: WINDOWS_64BITS_GENERIC
00:00:00.067039          VirtualBox: object creation starts
00:00:00.067217          Home directory: 'C:\Users\circa\.VirtualBox'
00:00:00.067329          Installed Drivers:
00:00:00.071544            C:\WINDOWS\system32\DRIVERS\VBoxSup.sys (Version: 7.0.4.4605)
00:00:00.072002            C:\WINDOWS\system32\DRIVERS\VBoxUSBMon.sys (Version: 7.0.4.4605)
00:00:00.072490            C:\WINDOWS\system32\DRIVERS\VBoxNetAdp6.sys (Version: 7.0.4.4605)
00:00:00.072953            C:\WINDOWS\system32\DRIVERS\VBoxNetLwf.sys (Version: 7.0.4.4605)
00:00:00.079489          Loading settings file "C:\Users\circa\.VirtualBox\VirtualBox.xml" with version "1.12-windows"
00:00:00.083317          usbLibGetDevices: Starting USB device enumeration
00:00:00.083437          Getting USB descriptor (id 0) failed (dwErr=31) on hub USB#ROOT_HUB30#5&315b279c&0&0#{f18a0e88-c30c-11d0-8815-00a0c906bed8} port 4
00:00:00.100923          usbLibGetDevices: Found 3 USB devices, 0 captured
00:00:00.101006          USB: Unknown USB device detected (idVendor: 0x322e, idProduct: 0x202c)
00:00:00.175784          HostDnsMonitor: initializing
00:00:00.183123          HostDnsMonitor: updating information
00:00:00.183142          HostDnsMonitor: old information
00:00:00.183143            no server entries
00:00:00.183144            no domain set
00:00:00.183144            no search string entries
00:00:00.183144          HostDnsMonitor: new information
00:00:00.183144            server 1: 64.71.255.204
00:00:00.183145            server 2: 64.71.255.198
00:00:00.183145            domain: phub.net.cable.rogers.com
00:00:00.183146            no search string entries
00:00:00.184763          VD: VDInit finished with VINF_SUCCESS
00:00:00.185971          Loading settings file "C:\Users\circa\VirtualBox VMs\CemtOS\CemtOS.vbox" with version "1.19-windows"
00:00:00.186765          VirtualBox: object created
00:00:00.237421          Saving settings file "C:\Users\circa\.VirtualBox\VirtualBox.xml" with version "1.12-windows"
00:00:00.239738          Finished saving settings file "C:\Users\circa\.VirtualBox\VirtualBox.xml"
00:00:00.239857          Saving settings file "C:\Users\circa\.VirtualBox\VirtualBox.xml" with version "1.12-windows"
00:00:00.241899          Finished saving settings file "C:\Users\circa\.VirtualBox\VirtualBox.xml"
00:00:00.242036          Saving settings file "C:\Users\circa\.VirtualBox\VirtualBox.xml" with version "1.12-windows"
00:00:00.244168          Finished saving settings file "C:\Users\circa\.VirtualBox\VirtualBox.xml"
00:00:01.087792          ERROR [COM]: aRC=VBOX_E_INVALID_VM_STATE (0x80bb0002) aIID={300763af-5d6b-46e6-aa96-273eac15538a} aComponent={MachineWrap} aText={The machine is not mutable (state is PoweredOff)}, preserve=false aResultDetail=0
00:00:03.007678          Launched VM: 1966636112 pid: 27756 (0x6c6c) frontend: GUI/Qt name: CemtOS
00:00:03.018259          ERROR [COM]: aRC=VBOX_E_INVALID_VM_STATE (0x80bb0002) aIID={300763af-5d6b-46e6-aa96-273eac15538a} aComponent={MachineWrap} aText={The machine is not mutable (state is PoweredOff)}, preserve=false aResultDetail=0
00:00:07.106903          ERROR [COM]: aRC=VBOX_E_INVALID_VM_STATE (0x80bb0002) aIID={300763af-5d6b-46e6-aa96-273eac15538a} aComponent={MachineWrap} aText={The machine is not mutable (state is PoweredOff)}, preserve=false aResultDetail=0
00:00:07.468177          ERROR [COM]: aRC=VBOX_E_OBJECT_NOT_FOUND (0x80bb0001) aIID={70401eef-c8e9-466b-9660-45cb3e9979e4} aComponent={ExtPackManagerWrap} aText={No extension pack by the name 'Oracle VM VirtualBox Extension Pack' was found}, preserve=false aResultDetail=0
00:00:14.515905          ERROR [COM]: aRC=VBOX_E_IPRT_ERROR (0x80bb0005) aIID={300763af-5d6b-46e6-aa96-273eac15538a} aComponent={SessionMachine} aText={Saved screenshot data is not available (VERR_NOT_SUPPORTED)}, preserve=false aResultDetail=-37
00:00:14.721027          ERROR [COM]: aRC=VBOX_E_INVALID_VM_STATE (0x80bb0002) aIID={300763af-5d6b-46e6-aa96-273eac15538a} aComponent={MachineWrap} aText={The machine is not mutable (state is Starting)}, preserve=false aResultDetail=0
00:00:15.551910          ERROR [COM]: aRC=VBOX_E_OBJECT_NOT_FOUND (0x80bb0001) aIID={ad47ad09-787b-44ab-b343-a082a3f2dfb1} aComponent={MediumWrap} aText={Property 'CRYPT/KeyId' does not exist}, preserve=false aResultDetail=0
00:00:15.572010          ERROR [COM]: aRC=VBOX_E_INVALID_VM_STATE (0x80bb0002) aIID={300763af-5d6b-46e6-aa96-273eac15538a} aComponent={MachineWrap} aText={The machine is not mutable (state is Running)}, preserve=false aResultDetail=0
00:00:17.056077          Saving settings file "C:\Users\circa\VirtualBox VMs\CemtOS\CemtOS.vbox" with version "1.19-windows"
00:00:17.058280          Finished saving settings file "C:\Users\circa\VirtualBox VMs\CemtOS\CemtOS.vbox"
00:00:17.063537          ERROR [COM]: aRC=VBOX_E_INVALID_VM_STATE (0x80bb0002) aIID={300763af-5d6b-46e6-aa96-273eac15538a} aComponent={MachineWrap} aText={The machine is not mutable (state is Running)}, preserve=false aResultDetail=0
00:00:18.696716          Saving settings file "C:\Users\circa\VirtualBox VMs\CemtOS\CemtOS.vbox" with version "1.19-windows"
00:00:18.698947          Finished saving settings file "C:\Users\circa\VirtualBox VMs\CemtOS\CemtOS.vbox"
00:00:18.703769          ERROR [COM]: aRC=VBOX_E_INVALID_VM_STATE (0x80bb0002) aIID={300763af-5d6b-46e6-aa96-273eac15538a} aComponent={MachineWrap} aText={The machine is not mutable (state is Running)}, preserve=false aResultDetail=0
00:01:38.775676          Saving settings file "C:\Users\circa\VirtualBox VMs\CemtOS\CemtOS.vbox" with version "1.19-windows"
00:01:38.777819          Finished saving settings file "C:\Users\circa\VirtualBox VMs\CemtOS\CemtOS.vbox"
00:01:38.783079          ERROR [COM]: aRC=VBOX_E_INVALID_VM_STATE (0x80bb0002) aIID={300763af-5d6b-46e6-aa96-273eac15538a} aComponent={MachineWrap} aText={The machine is not mutable (state is Running)}, preserve=false aResultDetail=0
00:02:25.337498          Saving settings file "C:\Users\circa\VirtualBox VMs\CemtOS\CemtOS.vbox" with version "1.19-windows"
00:02:25.339683          Finished saving settings file "C:\Users\circa\VirtualBox VMs\CemtOS\CemtOS.vbox"
00:02:25.347286          ERROR [COM]: aRC=VBOX_E_INVALID_VM_STATE (0x80bb0002) aIID={300763af-5d6b-46e6-aa96-273eac15538a} aComponent={MachineWrap} aText={The machine is not mutable (state is Running)}, preserve=false aResultDetail=0
00:35:03.851421 USBPROXY usbLibGetDevices: Starting USB device enumeration
00:35:04.170545 USBPROXY usbLibGetDevices: Found 3 USB devices, 0 captured
00:40:02.080521 USBPROXY usbLibGetDevices: Starting USB device enumeration
00:40:02.080700 USBPROXY Getting USB descriptor (id 0) failed (dwErr=31) on hub USB#ROOT_HUB30#5&315b279c&0&0#{f18a0e88-c30c-11d0-8815-00a0c906bed8} port 4
00:40:02.096401 USBPROXY usbLibGetDevices: Found 3 USB devices, 0 captured
01:06:15.875198          ERROR [COM]: aRC=VBOX_E_INVALID_VM_STATE (0x80bb0002) aIID={300763af-5d6b-46e6-aa96-273eac15538a} aComponent={MachineWrap} aText={The machine is not mutable (state is Paused)}, preserve=false aResultDetail=0
01:06:17.508661          ERROR [COM]: aRC=VBOX_E_INVALID_VM_STATE (0x80bb0002) aIID={300763af-5d6b-46e6-aa96-273eac15538a} aComponent={MachineWrap} aText={The machine is not mutable (state is Stopping)}, preserve=false aResultDetail=0
01:06:17.566456          Saving settings file "C:\Users\circa\VirtualBox VMs\CemtOS\CemtOS.vbox" with version "1.19-windows"
01:06:17.568928          Finished saving settings file "C:\Users\circa\VirtualBox VMs\CemtOS\CemtOS.vbox"
01:06:17.583258          ERROR [COM]: aRC=VBOX_E_INVALID_VM_STATE (0x80bb0002) aIID={300763af-5d6b-46e6-aa96-273eac15538a} aComponent={MachineWrap} aText={The machine is not mutable (state is PoweredOff)}, preserve=false aResultDetail=0
01:06:19.100327          ERROR [COM]: aRC=VBOX_E_INVALID_VM_STATE (0x80bb0002) aIID={300763af-5d6b-46e6-aa96-273eac15538a} aComponent={MachineWrap} aText={The machine is not mutable (state is PoweredOff)}, preserve=false aResultDetail=0
01:06:27.401332 main     VirtualBox: object deletion starts
01:06:27.401376 main     ERROR [COM]: aRC=VBOX_E_OBJECT_IN_USE (0x80bb000c) aIID={ad47ad09-787b-44ab-b343-a082a3f2dfb1} aComponent={MediumWrap} aText={Medium 'C:\Users\circa\VirtualBox VMs\CemtOS\CemtOS.vdi' cannot be closed because it is still attached to 1 virtual machines}, preserve=false aResultDetail=0
01:06:27.403333 main     HostDnsMonitor: shutting down ...
01:06:27.403451 main     HostDnsMonitor: shut down
01:06:27.406930 Watcher  ERROR [COM]: aRC=E_ACCESSDENIED (0x80070005) aIID={7682d5eb-f00e-44f1-8ca2-99d08b1cd607} aComponent={VirtualBoxWrap} aText={The object is not ready}, preserve=false aResultDetail=0
01:06:27.407283 main     VirtualBox: object deleted
